{
  "RSpec": {
    "coverage": {
      "/Users/alexanderjamshidi/Documents/Projects/Tech_Tests/bank_tech_test/spec/account_spec.rb": {
        "lines": [
          null,
          null,
          1,
          null,
          1,
          1,
          1,
          1,
          1,
          1,
          null,
          null,
          null,
          1,
          1,
          1,
          2,
          1,
          null,
          null,
          null,
          1,
          1,
          1,
          1,
          2,
          null,
          null,
          1,
          1,
          1,
          2,
          1,
          null,
          null,
          null
        ]
      },
      "/Users/alexanderjamshidi/Documents/Projects/Tech_Tests/bank_tech_test/lib/account.rb": {
        "lines": [
          null,
          null,
          1,
          null,
          1,
          1,
          null,
          1,
          4,
          4,
          null,
          null,
          1,
          2,
          null,
          null,
          1,
          2,
          1,
          null,
          null,
          1,
          null,
          1,
          2,
          null,
          null
        ]
      },
      "/Users/alexanderjamshidi/Documents/Projects/Tech_Tests/bank_tech_test/lib/exception.rb": {
        "lines": [
          null,
          null,
          1,
          1,
          2,
          null,
          null
        ]
      },
      "/Users/alexanderjamshidi/Documents/Projects/Tech_Tests/bank_tech_test/spec/exception_spec.rb": {
        "lines": [
          null,
          null,
          1,
          null,
          1,
          1,
          1,
          1,
          1,
          null,
          null,
          null,
          null
        ]
      },
      "/Users/alexanderjamshidi/Documents/Projects/Tech_Tests/bank_tech_test/spec/message_spec.rb": {
        "lines": [

        ]
      },
      "/Users/alexanderjamshidi/Documents/Projects/Tech_Tests/bank_tech_test/spec/transaction_spec.rb": {
        "lines": [
          null,
          null,
          1,
          null,
          1,
          1,
          1,
          1,
          1,
          1,
          1,
          null,
          null,
          1,
          1,
          1,
          null,
          null,
          null
        ]
      },
      "/Users/alexanderjamshidi/Documents/Projects/Tech_Tests/bank_tech_test/lib/transaction.rb": {
        "lines": [
          null,
          1,
          null,
          1,
          1,
          null,
          1,
          2,
          2,
          2,
          null,
          null,
          null
        ]
      }
    },
    "timestamp": 1645810186
  }
}
